c:\users\євген\desktop\cw_sp2__2024_2025-main\cw_sp2__2024_2025\x64\debug\vc143.pdb
c:\users\євген\desktop\cw_sp2__2024_2025-main\cw_sp2__2024_2025\x64\debug\vc143.idb
c:\users\євген\desktop\cw_sp2__2024_2025-main\cw_sp2__2024_2025\x64\debug\less_or_equal.obj
c:\users\євген\desktop\cw_sp2__2024_2025-main\cw_sp2__2024_2025\x64\debug\less.obj
c:\users\євген\desktop\cw_sp2__2024_2025-main\cw_sp2__2024_2025\x64\debug\input.obj
c:\users\євген\desktop\cw_sp2__2024_2025-main\cw_sp2__2024_2025\x64\debug\if_then.obj
c:\users\євген\desktop\cw_sp2__2024_2025-main\cw_sp2__2024_2025\x64\debug\greater_or_equal.obj
c:\users\євген\desktop\cw_sp2__2024_2025-main\cw_sp2__2024_2025\x64\debug\greater.obj
c:\users\євген\desktop\cw_sp2__2024_2025-main\cw_sp2__2024_2025\x64\debug\goto_label.obj
c:\users\євген\desktop\cw_sp2__2024_2025-main\cw_sp2__2024_2025\x64\debug\generator.obj
c:\users\євген\desktop\cw_sp2__2024_2025-main\cw_sp2__2024_2025\x64\debug\for.obj
c:\users\євген\desktop\cw_sp2__2024_2025-main\cw_sp2__2024_2025\x64\debug\equal.obj
c:\users\євген\desktop\cw_sp2__2024_2025-main\cw_sp2__2024_2025\x64\debug\else.obj
c:\users\євген\desktop\cw_sp2__2024_2025-main\cw_sp2__2024_2025\x64\debug\div.obj
c:\users\євген\desktop\cw_sp2__2024_2025-main\cw_sp2__2024_2025\x64\debug\bitwise_or.obj
c:\users\євген\desktop\cw_sp2__2024_2025-main\cw_sp2__2024_2025\x64\debug\bitwise_not.obj
c:\users\євген\desktop\cw_sp2__2024_2025-main\cw_sp2__2024_2025\x64\debug\bitwise_and.obj
c:\users\євген\desktop\cw_sp2__2024_2025-main\cw_sp2__2024_2025\x64\debug\machinecodegen_pattern.obj
c:\users\євген\desktop\cw_sp2__2024_2025-main\cw_sp2__2024_2025\x64\debug\and.obj
c:\users\євген\desktop\cw_sp2__2024_2025-main\cw_sp2__2024_2025\x64\debug\add.obj
c:\users\євген\desktop\cw_sp2__2024_2025-main\cw_sp2__2024_2025\x64\debug\cli.obj
c:\users\євген\desktop\cw_sp2__2024_2025-main\cw_sp2__2024_2025\x64\debug\cw.obj
c:\users\євген\desktop\cw_sp2__2024_2025-main\cw_sp2__2024_2025\x64\debug\syntax.obj
c:\users\євген\desktop\cw_sp2__2024_2025-main\cw_sp2__2024_2025\x64\debug\semantix.obj
c:\users\євген\desktop\cw_sp2__2024_2025-main\cw_sp2__2024_2025\x64\debug\preparer.obj
c:\users\євген\desktop\cw_sp2__2024_2025-main\cw_sp2__2024_2025\x64\debug\lexica.obj
c:\users\євген\desktop\cw_sp2__2024_2025-main\cw_sp2__2024_2025\x64\debug\while.obj
c:\users\євген\desktop\cw_sp2__2024_2025-main\cw_sp2__2024_2025\x64\debug\sub.obj
c:\users\євген\desktop\cw_sp2__2024_2025-main\cw_sp2__2024_2025\x64\debug\semicolon.obj
c:\users\євген\desktop\cw_sp2__2024_2025-main\cw_sp2__2024_2025\x64\debug\rlbind.obj
c:\users\євген\desktop\cw_sp2__2024_2025-main\cw_sp2__2024_2025\x64\debug\repeat_until.obj
c:\users\євген\desktop\cw_sp2__2024_2025-main\cw_sp2__2024_2025\x64\debug\output.obj
c:\users\євген\desktop\cw_sp2__2024_2025-main\cw_sp2__2024_2025\x64\debug\or.obj
c:\users\євген\desktop\cw_sp2__2024_2025-main\cw_sp2__2024_2025\x64\debug\operand.obj
c:\users\євген\desktop\cw_sp2__2024_2025-main\cw_sp2__2024_2025\x64\debug\objectcodegen_pattern.obj
c:\users\євген\desktop\cw_sp2__2024_2025-main\cw_sp2__2024_2025\x64\debug\null_statement.obj
c:\users\євген\desktop\cw_sp2__2024_2025-main\cw_sp2__2024_2025\x64\debug\not_equal.obj
c:\users\євген\desktop\cw_sp2__2024_2025-main\cw_sp2__2024_2025\x64\debug\not.obj
c:\users\євген\desktop\cw_sp2__2024_2025-main\cw_sp2__2024_2025\x64\debug\mul.obj
c:\users\євген\desktop\cw_sp2__2024_2025-main\cw_sp2__2024_2025\x64\debug\mod.obj
c:\users\євген\desktop\cw_sp2__2024_2025-main\cw_sp2__2024_2025\x64\debug\machinecodegen_addon.obj
c:\users\євген\desktop\cw_sp2__2024_2025-main\cw_sp2__2024_2025\x64\debug\lrbind.obj
c:\users\євген\desktop\cw_sp2__2024_2025-main\x64\debug\cw_sp2__2024_2025.exe
c:\users\євген\desktop\cw_sp2__2024_2025-main\x64\debug\cw_sp2__2024_2025.pdb
c:\users\євген\desktop\cw_sp2__2024_2025-main\cw_sp2__2024_2025\x64\debug\cw_sp2__2024_2025.ilk
c:\users\євген\desktop\cw_sp2__2024_2025-main\cw_sp2__2024_2025\x64\debug\cw_sp2__.cc87ad76.tlog\cl.command.1.tlog
c:\users\євген\desktop\cw_sp2__2024_2025-main\cw_sp2__2024_2025\x64\debug\cw_sp2__.cc87ad76.tlog\cl.items.tlog
c:\users\євген\desktop\cw_sp2__2024_2025-main\cw_sp2__2024_2025\x64\debug\cw_sp2__.cc87ad76.tlog\cl.read.1.tlog
c:\users\євген\desktop\cw_sp2__2024_2025-main\cw_sp2__2024_2025\x64\debug\cw_sp2__.cc87ad76.tlog\cl.write.1.tlog
c:\users\євген\desktop\cw_sp2__2024_2025-main\cw_sp2__2024_2025\x64\debug\cw_sp2__.cc87ad76.tlog\link.command.1.tlog
c:\users\євген\desktop\cw_sp2__2024_2025-main\cw_sp2__2024_2025\x64\debug\cw_sp2__.cc87ad76.tlog\link.read.1.tlog
c:\users\євген\desktop\cw_sp2__2024_2025-main\cw_sp2__2024_2025\x64\debug\cw_sp2__.cc87ad76.tlog\link.secondary.1.tlog
c:\users\євген\desktop\cw_sp2__2024_2025-main\cw_sp2__2024_2025\x64\debug\cw_sp2__.cc87ad76.tlog\link.write.1.tlog
